  -- Install configuration: "Release"
  -- Installing: C:/dev/opencv/build/install/include/opencv2/cvconfig.h
  -- Installing: C:/dev/opencv/build/install/include/opencv2/opencv_modules.hpp
  -- Installing: C:/dev/opencv/build/install/x86/vc14/staticlib/OpenCVConfig.cmake
  -- Old export file "C:/dev/opencv/build/install/x86/vc14/staticlib/OpenCVModules.cmake" will be replaced.  Removing files [C:/dev/opencv/build/install/x86/vc14/staticlib/OpenCVModules-debug.cmake;C:/dev/opencv/build/install/x86/vc14/staticlib/OpenCVModules-release.cmake].
  -- Installing: C:/dev/opencv/build/install/x86/vc14/staticlib/OpenCVModules.cmake
  -- Installing: C:/dev/opencv/build/install/x86/vc14/staticlib/OpenCVModules-release.cmake
  -- Up-to-date: C:/dev/opencv/build/install/OpenCVConfig-version.cmake
  -- Up-to-date: C:/dev/opencv/build/install/OpenCVConfig.cmake
  -- Up-to-date: C:/dev/opencv/build/install/LICENSE
  -- Up-to-date: C:/dev/opencv/build/install/include/opencv/cv.h
  -- Up-to-date: C:/dev/opencv/build/install/include/opencv/cv.hpp
  -- Up-to-date: C:/dev/opencv/build/install/include/opencv/cvaux.h
  -- Up-to-date: C:/dev/opencv/build/install/include/opencv/cvaux.hpp
  -- Up-to-date: C:/dev/opencv/build/install/include/opencv/cvwimage.h
  -- Up-to-date: C:/dev/opencv/build/install/include/opencv/cxcore.h
  -- Up-to-date: C:/dev/opencv/build/install/include/opencv/cxcore.hpp
  -- Up-to-date: C:/dev/opencv/build/install/include/opencv/cxeigen.hpp
  -- Up-to-date: C:/dev/opencv/build/install/include/opencv/cxmisc.h
  -- Up-to-date: C:/dev/opencv/build/install/include/opencv/highgui.h
  -- Up-to-date: C:/dev/opencv/build/install/include/opencv/ml.h
  -- Up-to-date: C:/dev/opencv/build/install/include/opencv2/opencv.hpp
  -- Installing: C:/dev/opencv/build/install/x86/vc14/staticlib/opencv_core310.lib
  -- Up-to-date: C:/dev/opencv/build/install/include/opencv2/core/cuda/block.hpp
  -- Up-to-date: C:/dev/opencv/build/install/include/opencv2/core/cuda/border_interpolate.hpp
  -- Up-to-date: C:/dev/opencv/build/install/include/opencv2/core/cuda/color.hpp
  -- Up-to-date: C:/dev/opencv/build/install/include/opencv2/core/cuda/common.hpp
  -- Up-to-date: C:/dev/opencv/build/install/include/opencv2/core/cuda/datamov_utils.hpp
  -- Up-to-date: C:/dev/opencv/build/install/include/opencv2/core/cuda/dynamic_smem.hpp
  -- Up-to-date: C:/dev/opencv/build/install/include/opencv2/core/cuda/emulation.hpp
  -- Up-to-date: C:/dev/opencv/build/install/include/opencv2/core/cuda/filters.hpp
  -- Up-to-date: C:/dev/opencv/build/install/include/opencv2/core/cuda/funcattrib.hpp
  -- Up-to-date: C:/dev/opencv/build/install/include/opencv2/core/cuda/functional.hpp
  -- Up-to-date: C:/dev/opencv/build/install/include/opencv2/core/cuda/limits.hpp
  -- Up-to-date: C:/dev/opencv/build/install/include/opencv2/core/cuda/reduce.hpp
  -- Up-to-date: C:/dev/opencv/build/install/include/opencv2/core/cuda/saturate_cast.hpp
  -- Up-to-date: C:/dev/opencv/build/install/include/opencv2/core/cuda/scan.hpp
  -- Up-to-date: C:/dev/opencv/build/install/include/opencv2/core/cuda/simd_functions.hpp
  -- Up-to-date: C:/dev/opencv/build/install/include/opencv2/core/cuda/transform.hpp
  -- Up-to-date: C:/dev/opencv/build/install/include/opencv2/core/cuda/type_traits.hpp
  -- Up-to-date: C:/dev/opencv/build/install/include/opencv2/core/cuda/utility.hpp
  -- Up-to-date: C:/dev/opencv/build/install/include/opencv2/core/cuda/vec_distance.hpp
  -- Up-to-date: C:/dev/opencv/build/install/include/opencv2/core/cuda/vec_math.hpp
  -- Up-to-date: C:/dev/opencv/build/install/include/opencv2/core/cuda/vec_traits.hpp
  -- Up-to-date: C:/dev/opencv/build/install/include/opencv2/core/cuda/warp.hpp
  -- Up-to-date: C:/dev/opencv/build/install/include/opencv2/core/cuda/warp_reduce.hpp
  -- Up-to-date: C:/dev/opencv/build/install/include/opencv2/core/cuda/warp_shuffle.hpp
  -- Up-to-date: C:/dev/opencv/build/install/include/opencv2/core/cuda/detail/color_detail.hpp
  -- Up-to-date: C:/dev/opencv/build/install/include/opencv2/core/cuda/detail/reduce.hpp
  -- Up-to-date: C:/dev/opencv/build/install/include/opencv2/core/cuda/detail/reduce_key_val.hpp
  -- Up-to-date: C:/dev/opencv/build/install/include/opencv2/core/cuda/detail/transform_detail.hpp
  -- Up-to-date: C:/dev/opencv/build/install/include/opencv2/core/cuda/detail/type_traits_detail.hpp
  -- Up-to-date: C:/dev/opencv/build/install/include/opencv2/core/cuda/detail/vec_distance_detail.hpp
  -- Up-to-date: C:/dev/opencv/build/install/include/opencv2/core.hpp
  -- Up-to-date: C:/dev/opencv/build/install/include/opencv2/core/affine.hpp
  -- Up-to-date: C:/dev/opencv/build/install/include/opencv2/core/base.hpp
  -- Up-to-date: C:/dev/opencv/build/install/include/opencv2/core/bufferpool.hpp
  -- Up-to-date: C:/dev/opencv/build/install/include/opencv2/core/core.hpp
  -- Up-to-date: C:/dev/opencv/build/install/include/opencv2/core/cuda.hpp
  -- Up-to-date: C:/dev/opencv/build/install/include/opencv2/core/cuda.inl.hpp
  -- Up-to-date: C:/dev/opencv/build/install/include/opencv2/core/cuda_stream_accessor.hpp
  -- Up-to-date: C:/dev/opencv/build/install/include/opencv2/core/cuda_types.hpp
  -- Up-to-date: C:/dev/opencv/build/install/include/opencv2/core/cvstd.hpp
  -- Up-to-date: C:/dev/opencv/build/install/include/opencv2/core/cvstd.inl.hpp
  -- Up-to-date: C:/dev/opencv/build/install/include/opencv2/core/directx.hpp
  -- Up-to-date: C:/dev/opencv/build/install/include/opencv2/core/eigen.hpp
  -- Up-to-date: C:/dev/opencv/build/install/include/opencv2/core/fast_math.hpp
  -- Up-to-date: C:/dev/opencv/build/install/include/opencv2/core/ippasync.hpp
  -- Up-to-date: C:/dev/opencv/build/install/include/opencv2/core/mat.hpp
  -- Up-to-date: C:/dev/opencv/build/install/include/opencv2/core/mat.inl.hpp
  -- Up-to-date: C:/dev/opencv/build/install/include/opencv2/core/matx.hpp
  -- Up-to-date: C:/dev/opencv/build/install/include/opencv2/core/neon_utils.hpp
  -- Up-to-date: C:/dev/opencv/build/install/include/opencv2/core/ocl.hpp
  -- Up-to-date: C:/dev/opencv/build/install/include/opencv2/core/ocl_genbase.hpp
  -- Up-to-date: C:/dev/opencv/build/install/include/opencv2/core/opengl.hpp
  -- Up-to-date: C:/dev/opencv/build/install/include/opencv2/core/operations.hpp
  -- Up-to-date: C:/dev/opencv/build/install/include/opencv2/core/optim.hpp
  -- Up-to-date: C:/dev/opencv/build/install/include/opencv2/core/persistence.hpp
  -- Up-to-date: C:/dev/opencv/build/install/include/opencv2/core/private.cuda.hpp
  -- Up-to-date: C:/dev/opencv/build/install/include/opencv2/core/private.hpp
  -- Up-to-date: C:/dev/opencv/build/install/include/opencv2/core/ptr.inl.hpp
  -- Up-to-date: C:/dev/opencv/build/install/include/opencv2/core/saturate.hpp
  -- Up-to-date: C:/dev/opencv/build/install/include/opencv2/core/sse_utils.hpp
  -- Up-to-date: C:/dev/opencv/build/install/include/opencv2/core/traits.hpp
  -- Up-to-date: C:/dev/opencv/build/install/include/opencv2/core/types.hpp
  -- Up-to-date: C:/dev/opencv/build/install/include/opencv2/core/utility.hpp
  -- Up-to-date: C:/dev/opencv/build/install/include/opencv2/core/va_intel.hpp
  -- Up-to-date: C:/dev/opencv/build/install/include/opencv2/core/version.hpp
  -- Up-to-date: C:/dev/opencv/build/install/include/opencv2/core/wimage.hpp
  -- Up-to-date: C:/dev/opencv/build/install/include/opencv2/core/core_c.h
  -- Up-to-date: C:/dev/opencv/build/install/include/opencv2/core/cvdef.h
  -- Up-to-date: C:/dev/opencv/build/install/include/opencv2/core/types_c.h
  -- Up-to-date: C:/dev/opencv/build/install/include/opencv2/core/hal/hal.hpp
  -- Up-to-date: C:/dev/opencv/build/install/include/opencv2/core/hal/intrin.hpp
  -- Up-to-date: C:/dev/opencv/build/install/include/opencv2/core/hal/intrin_cpp.hpp
  -- Up-to-date: C:/dev/opencv/build/install/include/opencv2/core/hal/intrin_neon.hpp
  -- Up-to-date: C:/dev/opencv/build/install/include/opencv2/core/hal/intrin_sse.hpp
  -- Up-to-date: C:/dev/opencv/build/install/include/opencv2/core/hal/interface.h
  -- Installing: C:/dev/opencv/build/install/x86/vc14/staticlib/opencv_flann310.lib
  -- Up-to-date: C:/dev/opencv/build/install/include/opencv2/flann.hpp
  -- Up-to-date: C:/dev/opencv/build/install/include/opencv2/flann/flann.hpp
  -- Up-to-date: C:/dev/opencv/build/install/include/opencv2/flann/flann_base.hpp
  -- Up-to-date: C:/dev/opencv/build/install/include/opencv2/flann/miniflann.hpp
  -- Up-to-date: C:/dev/opencv/build/install/include/opencv2/flann/all_indices.h
  -- Up-to-date: C:/dev/opencv/build/install/include/opencv2/flann/allocator.h
  -- Up-to-date: C:/dev/opencv/build/install/include/opencv2/flann/any.h
  -- Up-to-date: C:/dev/opencv/build/install/include/opencv2/flann/autotuned_index.h
  -- Up-to-date: C:/dev/opencv/build/install/include/opencv2/flann/composite_index.h
  -- Up-to-date: C:/dev/opencv/build/install/include/opencv2/flann/config.h
  -- Up-to-date: C:/dev/opencv/build/install/include/opencv2/flann/defines.h
  -- Up-to-date: C:/dev/opencv/build/install/include/opencv2/flann/dist.h
  -- Up-to-date: C:/dev/opencv/build/install/include/opencv2/flann/dummy.h
  -- Up-to-date: C:/dev/opencv/build/install/include/opencv2/flann/dynamic_bitset.h
  -- Up-to-date: C:/dev/opencv/build/install/include/opencv2/flann/general.h
  -- Up-to-date: C:/dev/opencv/build/install/include/opencv2/flann/ground_truth.h
  -- Up-to-date: C:/dev/opencv/build/install/include/opencv2/flann/hdf5.h
  -- Up-to-date: C:/dev/opencv/build/install/include/opencv2/flann/heap.h
  -- Up-to-date: C:/dev/opencv/build/install/include/opencv2/flann/hierarchical_clustering_index.h
  -- Up-to-date: C:/dev/opencv/build/install/include/opencv2/flann/index_testing.h
  -- Up-to-date: C:/dev/opencv/build/install/include/opencv2/flann/kdtree_index.h
  -- Up-to-date: C:/dev/opencv/build/install/include/opencv2/flann/kdtree_single_index.h
  -- Up-to-date: C:/dev/opencv/build/install/include/opencv2/flann/kmeans_index.h
  -- Up-to-date: C:/dev/opencv/build/install/include/opencv2/flann/linear_index.h
  -- Up-to-date: C:/dev/opencv/build/install/include/opencv2/flann/logger.h
  -- Up-to-date: C:/dev/opencv/build/install/include/opencv2/flann/lsh_index.h
  -- Up-to-date: C:/dev/opencv/build/install/include/opencv2/flann/lsh_table.h
  -- Up-to-date: C:/dev/opencv/build/install/include/opencv2/flann/matrix.h
  -- Up-to-date: C:/dev/opencv/build/install/include/opencv2/flann/nn_index.h
  -- Up-to-date: C:/dev/opencv/build/install/include/opencv2/flann/object_factory.h
  -- Up-to-date: C:/dev/opencv/build/install/include/opencv2/flann/params.h
  -- Up-to-date: C:/dev/opencv/build/install/include/opencv2/flann/random.h
  -- Up-to-date: C:/dev/opencv/build/install/include/opencv2/flann/result_set.h
  -- Up-to-date: C:/dev/opencv/build/install/include/opencv2/flann/sampling.h
  -- Up-to-date: C:/dev/opencv/build/install/include/opencv2/flann/saving.h
  -- Up-to-date: C:/dev/opencv/build/install/include/opencv2/flann/simplex_downhill.h
  -- Up-to-date: C:/dev/opencv/build/install/include/opencv2/flann/timer.h
  -- Installing: C:/dev/opencv/build/install/x86/vc14/staticlib/opencv_imgproc310.lib
  -- Up-to-date: C:/dev/opencv/build/install/include/opencv2/imgproc.hpp
  -- Up-to-date: C:/dev/opencv/build/install/include/opencv2/imgproc/imgproc.hpp
  -- Up-to-date: C:/dev/opencv/build/install/include/opencv2/imgproc/imgproc_c.h
  -- Up-to-date: C:/dev/opencv/build/install/include/opencv2/imgproc/types_c.h
  -- Up-to-date: C:/dev/opencv/build/install/include/opencv2/imgproc/detail/distortion_model.hpp
  -- Installing: C:/dev/opencv/build/install/x86/vc14/staticlib/opencv_ml310.lib
  -- Up-to-date: C:/dev/opencv/build/install/include/opencv2/ml.hpp
  -- Up-to-date: C:/dev/opencv/build/install/include/opencv2/ml/ml.hpp
  -- Installing: C:/dev/opencv/build/install/x86/vc14/staticlib/opencv_photo310.lib
  -- Up-to-date: C:/dev/opencv/build/install/include/opencv2/photo.hpp
  -- Up-to-date: C:/dev/opencv/build/install/include/opencv2/photo/cuda.hpp
  -- Up-to-date: C:/dev/opencv/build/install/include/opencv2/photo/photo.hpp
  -- Up-to-date: C:/dev/opencv/build/install/include/opencv2/photo/photo_c.h
  -- Installing: C:/dev/opencv/build/install/x86/vc14/staticlib/opencv_video310.lib
  -- Up-to-date: C:/dev/opencv/build/install/include/opencv2/video.hpp
  -- Up-to-date: C:/dev/opencv/build/install/include/opencv2/video/background_segm.hpp
  -- Up-to-date: C:/dev/opencv/build/install/include/opencv2/video/tracking.hpp
  -- Up-to-date: C:/dev/opencv/build/install/include/opencv2/video/video.hpp
  -- Up-to-date: C:/dev/opencv/build/install/include/opencv2/video/tracking_c.h
  -- Installing: C:/dev/opencv/build/install/x86/vc14/staticlib/opencv_imgcodecs310.lib
  -- Up-to-date: C:/dev/opencv/build/install/include/opencv2/imgcodecs.hpp
  -- Up-to-date: C:/dev/opencv/build/install/include/opencv2/imgcodecs/imgcodecs.hpp
  -- Up-to-date: C:/dev/opencv/build/install/include/opencv2/imgcodecs/imgcodecs_c.h
  -- Up-to-date: C:/dev/opencv/build/install/include/opencv2/imgcodecs/ios.h
  -- Installing: C:/dev/opencv/build/install/x86/vc14/staticlib/opencv_shape310.lib
  -- Up-to-date: C:/dev/opencv/build/install/include/opencv2/shape.hpp
  -- Up-to-date: C:/dev/opencv/build/install/include/opencv2/shape/emdL1.hpp
  -- Up-to-date: C:/dev/opencv/build/install/include/opencv2/shape/hist_cost.hpp
  -- Up-to-date: C:/dev/opencv/build/install/include/opencv2/shape/shape.hpp
  -- Up-to-date: C:/dev/opencv/build/install/include/opencv2/shape/shape_distance.hpp
  -- Up-to-date: C:/dev/opencv/build/install/include/opencv2/shape/shape_transformer.hpp
  -- Installing: C:/dev/opencv/build/install/x86/vc14/staticlib/opencv_videoio310.lib
  -- Up-to-date: C:/dev/opencv/build/install/include/opencv2/videoio.hpp
  -- Up-to-date: C:/dev/opencv/build/install/include/opencv2/videoio/videoio.hpp
  -- Up-to-date: C:/dev/opencv/build/install/include/opencv2/videoio/cap_ios.h
  -- Up-to-date: C:/dev/opencv/build/install/include/opencv2/videoio/videoio_c.h
  -- Installing: C:/dev/opencv/build/install/x86/vc14/staticlib/opencv_highgui310.lib
  -- Up-to-date: C:/dev/opencv/build/install/include/opencv2/highgui.hpp
  -- Up-to-date: C:/dev/opencv/build/install/include/opencv2/highgui/highgui.hpp
  -- Up-to-date: C:/dev/opencv/build/install/include/opencv2/highgui/highgui_c.h
  -- Installing: C:/dev/opencv/build/install/x86/vc14/staticlib/opencv_objdetect310.lib
  -- Up-to-date: C:/dev/opencv/build/install/include/opencv2/objdetect.hpp
  -- Up-to-date: C:/dev/opencv/build/install/include/opencv2/objdetect/detection_based_tracker.hpp
  -- Up-to-date: C:/dev/opencv/build/install/include/opencv2/objdetect/objdetect.hpp
  -- Up-to-date: C:/dev/opencv/build/install/include/opencv2/objdetect/objdetect_c.h
  -- Installing: C:/dev/opencv/build/install/x86/vc14/staticlib/opencv_superres310.lib
  -- Up-to-date: C:/dev/opencv/build/install/include/opencv2/superres.hpp
  -- Up-to-date: C:/dev/opencv/build/install/include/opencv2/superres/optical_flow.hpp
  -- Installing: C:/dev/opencv/build/install/x86/vc14/staticlib/opencv_features2d310.lib
  -- Up-to-date: C:/dev/opencv/build/install/include/opencv2/features2d.hpp
  -- Up-to-date: C:/dev/opencv/build/install/include/opencv2/features2d/features2d.hpp
  -- Installing: C:/dev/opencv/build/install/x86/vc14/staticlib/opencv_calib3d310.lib
  -- Up-to-date: C:/dev/opencv/build/install/include/opencv2/calib3d.hpp
  -- Up-to-date: C:/dev/opencv/build/install/include/opencv2/calib3d/calib3d.hpp
  -- Up-to-date: C:/dev/opencv/build/install/include/opencv2/calib3d/calib3d_c.h
  -- Installing: C:/dev/opencv/build/install/x86/vc14/staticlib/opencv_stitching310.lib
  -- Up-to-date: C:/dev/opencv/build/install/include/opencv2/stitching.hpp
  -- Up-to-date: C:/dev/opencv/build/install/include/opencv2/stitching/warpers.hpp
  -- Up-to-date: C:/dev/opencv/build/install/include/opencv2/stitching/detail/autocalib.hpp
  -- Up-to-date: C:/dev/opencv/build/install/include/opencv2/stitching/detail/blenders.hpp
  -- Up-to-date: C:/dev/opencv/build/install/include/opencv2/stitching/detail/camera.hpp
  -- Up-to-date: C:/dev/opencv/build/install/include/opencv2/stitching/detail/exposure_compensate.hpp
  -- Up-to-date: C:/dev/opencv/build/install/include/opencv2/stitching/detail/matchers.hpp
  -- Up-to-date: C:/dev/opencv/build/install/include/opencv2/stitching/detail/motion_estimators.hpp
  -- Up-to-date: C:/dev/opencv/build/install/include/opencv2/stitching/detail/seam_finders.hpp
  -- Up-to-date: C:/dev/opencv/build/install/include/opencv2/stitching/detail/timelapsers.hpp
  -- Up-to-date: C:/dev/opencv/build/install/include/opencv2/stitching/detail/util.hpp
  -- Up-to-date: C:/dev/opencv/build/install/include/opencv2/stitching/detail/util_inl.hpp
  -- Up-to-date: C:/dev/opencv/build/install/include/opencv2/stitching/detail/warpers.hpp
  -- Up-to-date: C:/dev/opencv/build/install/include/opencv2/stitching/detail/warpers_inl.hpp
  -- Installing: C:/dev/opencv/build/install/x86/vc14/staticlib/opencv_videostab310.lib
  -- Up-to-date: C:/dev/opencv/build/install/include/opencv2/videostab.hpp
  -- Up-to-date: C:/dev/opencv/build/install/include/opencv2/videostab/deblurring.hpp
  -- Up-to-date: C:/dev/opencv/build/install/include/opencv2/videostab/fast_marching.hpp
  -- Up-to-date: C:/dev/opencv/build/install/include/opencv2/videostab/fast_marching_inl.hpp
  -- Up-to-date: C:/dev/opencv/build/install/include/opencv2/videostab/frame_source.hpp
  -- Up-to-date: C:/dev/opencv/build/install/include/opencv2/videostab/global_motion.hpp
  -- Up-to-date: C:/dev/opencv/build/install/include/opencv2/videostab/inpainting.hpp
  -- Up-to-date: C:/dev/opencv/build/install/include/opencv2/videostab/log.hpp
  -- Up-to-date: C:/dev/opencv/build/install/include/opencv2/videostab/motion_core.hpp
  -- Up-to-date: C:/dev/opencv/build/install/include/opencv2/videostab/motion_stabilizing.hpp
  -- Up-to-date: C:/dev/opencv/build/install/include/opencv2/videostab/optical_flow.hpp
  -- Up-to-date: C:/dev/opencv/build/install/include/opencv2/videostab/outlier_rejection.hpp
  -- Up-to-date: C:/dev/opencv/build/install/include/opencv2/videostab/ring_buffer.hpp
  -- Up-to-date: C:/dev/opencv/build/install/include/opencv2/videostab/stabilizer.hpp
  -- Up-to-date: C:/dev/opencv/build/install/include/opencv2/videostab/wobble_suppression.hpp
  -- Up-to-date: C:/dev/opencv/build/install/etc/haarcascades/haarcascade_eye.xml
  -- Up-to-date: C:/dev/opencv/build/install/etc/haarcascades/haarcascade_eye_tree_eyeglasses.xml
  -- Up-to-date: C:/dev/opencv/build/install/etc/haarcascades/haarcascade_frontalcatface.xml
  -- Up-to-date: C:/dev/opencv/build/install/etc/haarcascades/haarcascade_frontalcatface_extended.xml
  -- Up-to-date: C:/dev/opencv/build/install/etc/haarcascades/haarcascade_frontalface_alt.xml
  -- Up-to-date: C:/dev/opencv/build/install/etc/haarcascades/haarcascade_frontalface_alt2.xml
  -- Up-to-date: C:/dev/opencv/build/install/etc/haarcascades/haarcascade_frontalface_alt_tree.xml
  -- Up-to-date: C:/dev/opencv/build/install/etc/haarcascades/haarcascade_frontalface_default.xml
  -- Up-to-date: C:/dev/opencv/build/install/etc/haarcascades/haarcascade_fullbody.xml
  -- Up-to-date: C:/dev/opencv/build/install/etc/haarcascades/haarcascade_lefteye_2splits.xml
  -- Up-to-date: C:/dev/opencv/build/install/etc/haarcascades/haarcascade_licence_plate_rus_16stages.xml
  -- Up-to-date: C:/dev/opencv/build/install/etc/haarcascades/haarcascade_lowerbody.xml
  -- Up-to-date: C:/dev/opencv/build/install/etc/haarcascades/haarcascade_profileface.xml
  -- Up-to-date: C:/dev/opencv/build/install/etc/haarcascades/haarcascade_righteye_2splits.xml
  -- Up-to-date: C:/dev/opencv/build/install/etc/haarcascades/haarcascade_russian_plate_number.xml
  -- Up-to-date: C:/dev/opencv/build/install/etc/haarcascades/haarcascade_smile.xml
  -- Up-to-date: C:/dev/opencv/build/install/etc/haarcascades/haarcascade_upperbody.xml
  -- Up-to-date: C:/dev/opencv/build/install/etc/lbpcascades/lbpcascade_frontalcatface.xml
  -- Up-to-date: C:/dev/opencv/build/install/etc/lbpcascades/lbpcascade_frontalface.xml
  -- Up-to-date: C:/dev/opencv/build/install/etc/lbpcascades/lbpcascade_profileface.xml
  -- Up-to-date: C:/dev/opencv/build/install/etc/lbpcascades/lbpcascade_silverware.xml
  CMake Error at samples/cpp/cmake_install.cmake:34 (file):
    file INSTALL cannot find
    "C:/dev/opencv/build/bin/Release/cpp-example-3calibration.exe".
  Call Stack (most recent call first):
    samples/cmake_install.cmake:32 (include)
    cmake_install.cmake:106 (include)
  
  
C:\Program Files (x86)\MSBuild\Microsoft.Cpp\v4.0\V140\Microsoft.CppCommon.targets(133,5): error MSB3073: コマンド "setlocal
C:\Program Files (x86)\MSBuild\Microsoft.Cpp\v4.0\V140\Microsoft.CppCommon.targets(133,5): error MSB3073: "C:\Program Files\CMake\bin\cmake.exe" -DBUILD_TYPE=Release -P cmake_install.cmake
C:\Program Files (x86)\MSBuild\Microsoft.Cpp\v4.0\V140\Microsoft.CppCommon.targets(133,5): error MSB3073: if %errorlevel% neq 0 goto :cmEnd
C:\Program Files (x86)\MSBuild\Microsoft.Cpp\v4.0\V140\Microsoft.CppCommon.targets(133,5): error MSB3073: :cmEnd
C:\Program Files (x86)\MSBuild\Microsoft.Cpp\v4.0\V140\Microsoft.CppCommon.targets(133,5): error MSB3073: endlocal & call :cmErrorLevel %errorlevel% & goto :cmDone
C:\Program Files (x86)\MSBuild\Microsoft.Cpp\v4.0\V140\Microsoft.CppCommon.targets(133,5): error MSB3073: :cmErrorLevel
C:\Program Files (x86)\MSBuild\Microsoft.Cpp\v4.0\V140\Microsoft.CppCommon.targets(133,5): error MSB3073: exit /b %1
C:\Program Files (x86)\MSBuild\Microsoft.Cpp\v4.0\V140\Microsoft.CppCommon.targets(133,5): error MSB3073: :cmDone
C:\Program Files (x86)\MSBuild\Microsoft.Cpp\v4.0\V140\Microsoft.CppCommon.targets(133,5): error MSB3073: if %errorlevel% neq 0 goto :VCEnd
C:\Program Files (x86)\MSBuild\Microsoft.Cpp\v4.0\V140\Microsoft.CppCommon.targets(133,5): error MSB3073: :VCEnd" はコード 1 で終了しました。
